06-09 21:21:11 com_github_MitjaNemec_ReplicateLayout.action_replicate_layout 409:Plugin executed on: 'darwin'
06-09 21:21:11 com_github_MitjaNemec_ReplicateLayout.action_replicate_layout 410:Plugin executed with python version: '3.9.13 (v3.9.13:6de2ca5339, May 17 2022, 11:37:23) \n[Clang 13.0.0 (clang-1300.0.29.30)]'
06-09 21:21:11 com_github_MitjaNemec_ReplicateLayout.action_replicate_layout 411:KiCad build version: 9.0.0
06-09 21:21:11 com_github_MitjaNemec_ReplicateLayout.action_replicate_layout 412:Plugin version: 4.0.3
06-09 21:21:11 com_github_MitjaNemec_ReplicateLayout.action_replicate_layout 413:Frame repr: <wx._core.Frame object at 0x10979d0d0>
06-09 21:21:11 com_github_MitjaNemec_ReplicateLayout.action_replicate_layout 437:Preparing replicator with RV1 as a reference
06-09 21:21:11 com_github_MitjaNemec_ReplicateLayout.replicate_layout 117:getting a list of all footprints on board
06-09 21:21:11 com_github_MitjaNemec_ReplicateLayout.action_replicate_layout 485:source anchor footprint is 'RV1'
Located on: ['/Input 1/']
With filenames: ['../Oblique Palette 0.5.1 PCB Input/Oblique Palette 0.5.1 PCB Input.kicad_sch']
With sheet_id:['/Input 1/']
06-09 21:21:11 com_github_MitjaNemec_ReplicateLayout.action_replicate_layout 492:Corresponding footprints are 
[('RV1', ['/Input 1/']), ('RV2', ['/Input 2/']), ('RV7', ['/Input 7/']), ('RV6', ['/Input 6/']), ('RV5', ['/Input 5/']), ('RV8', ['/Input 8/']), ('RV4', ['/Input 4/']), ('RV3', ['/Input 3/'])]
06-09 21:21:11 com_github_MitjaNemec_ReplicateLayout.action_replicate_layout 504:Showing dialog
06-09 21:21:11 com_github_MitjaNemec_ReplicateLayout.replicate_layout 472:constructing a list of sheets suitable for replication on level:'/Input 1/', file:'../Oblique Palette 0.5.1 PCB Input/Oblique Palette 0.5.1 PCB Input.kicad_sch'
06-09 21:21:11 com_github_MitjaNemec_ReplicateLayout.replicate_layout 509:suitable sheets are:[['/Input 2/'], ['/Input 3/'], ['/Input 4/'], ['/Input 5/'], ['/Input 6/'], ['/Input 7/'], ['/Input 8/']]
06-09 21:21:11 com_github_MitjaNemec_ReplicateLayout.replicate_layout 1512:Level selected: ['/Input 1/']
06-09 21:21:11 com_github_MitjaNemec_ReplicateLayout.replicate_layout 1336:Filtering list of tracks
06-09 21:21:11 com_github_MitjaNemec_ReplicateLayout.action_replicate_layout 510:Toolbar position: wx.Point(2229, 121)
06-09 21:21:11 com_github_MitjaNemec_ReplicateLayout.action_replicate_layout 515:Dialog position: wx.Point(1790, 121)
06-09 21:21:20 com_github_MitjaNemec_ReplicateLayout.action_replicate_layout 329:User canceled the dialog
